#! /c/Source/iverilog-install/bin/vvp
:ivl_version "12.0 (devel)" "(s20150603-1539-g2693dd32b)";
:ivl_delay_selection "TYPICAL";
:vpi_time_precision + 0;
:vpi_module "C:\iverilog\lib\ivl\system.vpi";
:vpi_module "C:\iverilog\lib\ivl\vhdl_sys.vpi";
:vpi_module "C:\iverilog\lib\ivl\vhdl_textio.vpi";
:vpi_module "C:\iverilog\lib\ivl\v2005_math.vpi";
:vpi_module "C:\iverilog\lib\ivl\va_math.vpi";
:vpi_module "C:\iverilog\lib\ivl\v2009.vpi";
S_000001ba35d11090 .scope package, "$unit" "$unit" 2 1;
 .timescale 0 0;
S_000001ba35d11540 .scope module, "testbench" "testbench" 3 3;
 .timescale 0 0;
P_000001ba35d089b0 .param/l "in_cnt_w" 1 3 38, +C4<00000000000000000000000000000111>;
P_000001ba35d089e8 .param/l "n_inputs" 1 3 34, +C4<00000000000000000000000001100100>;
P_000001ba35d08a20 .param/l "n_outputs" 1 3 35, +C4<0000000000000000000000000000000000000000000000000000001100100000>;
P_000001ba35d08a58 .param/l "out_cnt_w" 1 3 40, +C4<00000000000000000000000000001010>;
P_000001ba35d08a90 .param/l "width" 1 3 32, +C4<00000000000000000000000000001000>;
v000001ba35d10f30_0 .net "busy", 0 0, L_000001ba35d85400;  1 drivers
v000001ba35d10210_0 .var "clk", 0 0;
v000001ba35d103f0_0 .var/2s "current_inputs", 31 0;
v000001ba35d10670_0 .var "d_parallel_data", 7 0;
v000001ba35d10490_0 .var "d_parallel_valid", 0 0;
v000001ba35d85fe0_0 .var "in_vld_cnt", 6 0;
v000001ba35d85180_0 .var "out_vld_cnt", 9 0;
v000001ba35d86d00_0 .var "parallel_data", 7 0;
v000001ba35d85220_0 .var "parallel_valid", 0 0;
v000001ba35d85e00_0 .var/queue "queue", 1;
v000001ba35d86940_0 .var "rst", 0 0;
v000001ba35d869e0_0 .net "serial_data", 0 0, L_000001ba35d86f80;  1 drivers
v000001ba35d852c0_0 .var "serial_data_expected", 0 0;
v000001ba35d85360_0 .net "serial_valid", 0 0, L_000001ba35d22e00;  1 drivers
v000001ba35d86800_0 .var/2u "was_reset", 0 0;
E_000001ba35d0b830 .event negedge, v000001ba35d10df0_0;
S_000001ba35d19200 .scope begin, "$ivl_for_loop0" "$ivl_for_loop0" 3 77, 3 77 0, S_000001ba35d11540;
 .timescale 0 0;
v000001ba35d10850_0 .var/2s "i", 31 0;
S_000001ba35d14770 .scope module, "dut" "parallel_to_serial" 3 52, 4 5 0, S_000001ba35d11540;
 .timescale 0 0;
    .port_info 0 /INPUT 1 "clk";
    .port_info 1 /INPUT 1 "rst";
    .port_info 2 /INPUT 1 "parallel_valid";
    .port_info 3 /INPUT 8 "parallel_data";
    .port_info 4 /OUTPUT 1 "busy";
    .port_info 5 /OUTPUT 1 "serial_valid";
    .port_info 6 /OUTPUT 1 "serial_data";
P_000001ba35c593b0 .param/l "w_index" 1 4 32, +C4<00000000000000000000000000000011>;
P_000001ba35c593e8 .param/l "width" 0 4 7, +C4<00000000000000000000000000001000>;
L_000001ba35d22e00 .functor OR 1, v000001ba35d85220_0, L_000001ba35d85540, C4<0>, C4<0>;
L_000001ba35dd0088 .functor BUFT 1, C4<000>, C4<0>, C4<0>, C4<0>;
v000001ba35d108f0_0 .net/2u *"_ivl_0", 2 0, L_000001ba35dd0088;  1 drivers
v000001ba35d10ad0_0 .net *"_ivl_11", 0 0, L_000001ba35d86c60;  1 drivers
v000001ba35d100d0_0 .net *"_ivl_12", 0 0, L_000001ba35d85d60;  1 drivers
L_000001ba35dd0118 .functor BUFT 1, C4<000>, C4<0>, C4<0>, C4<0>;
v000001ba35d105d0_0 .net/2u *"_ivl_16", 2 0, L_000001ba35dd0118;  1 drivers
v000001ba35d102b0_0 .net *"_ivl_18", 0 0, L_000001ba35d85ea0;  1 drivers
v000001ba35d10170_0 .net *"_ivl_2", 0 0, L_000001ba35d85540;  1 drivers
L_000001ba35dd0160 .functor BUFT 1, C4<1>, C4<0>, C4<0>, C4<0>;
v000001ba35d10b70_0 .net/2u *"_ivl_20", 0 0, L_000001ba35dd0160;  1 drivers
L_000001ba35dd01a8 .functor BUFT 1, C4<0>, C4<0>, C4<0>, C4<0>;
v000001ba35d10990_0 .net/2u *"_ivl_22", 0 0, L_000001ba35dd01a8;  1 drivers
L_000001ba35dd00d0 .functor BUFT 1, C4<0>, C4<0>, C4<0>, C4<0>;
v000001ba35d10a30_0 .net/2u *"_ivl_6", 0 0, L_000001ba35dd00d0;  1 drivers
v000001ba35d10710_0 .net *"_ivl_9", 0 0, L_000001ba35d863a0;  1 drivers
v000001ba35d10350_0 .net "busy", 0 0, L_000001ba35d85400;  alias, 1 drivers
v000001ba35d10d50_0 .net "clk", 0 0, v000001ba35d10210_0;  1 drivers
v000001ba35d10fd0_0 .var "index", 2 0;
v000001ba35d10c10_0 .net "parallel_data", 7 0, v000001ba35d86d00_0;  1 drivers
v000001ba35d10cb0_0 .net "parallel_valid", 0 0, v000001ba35d85220_0;  1 drivers
v000001ba35d107b0_0 .var "reg_parallel_in_serial", 7 0;
v000001ba35d10df0_0 .net "rst", 0 0, v000001ba35d86940_0;  1 drivers
v000001ba35d10e90_0 .net "serial_data", 0 0, L_000001ba35d86f80;  alias, 1 drivers
v000001ba35d10530_0 .net "serial_valid", 0 0, L_000001ba35d22e00;  alias, 1 drivers
E_000001ba35d0be30 .event posedge, v000001ba35d10d50_0;
L_000001ba35d85540 .cmp/ne 3, v000001ba35d10fd0_0, L_000001ba35dd0088;
L_000001ba35d863a0 .part v000001ba35d86d00_0, 0, 1;
L_000001ba35d86c60 .part/v v000001ba35d107b0_0, v000001ba35d10fd0_0, 1;
L_000001ba35d85d60 .functor MUXZ 1, L_000001ba35d86c60, L_000001ba35d863a0, v000001ba35d85220_0, C4<>;
L_000001ba35d86f80 .functor MUXZ 1, L_000001ba35d85d60, L_000001ba35dd00d0, v000001ba35d86940_0, C4<>;
L_000001ba35d85ea0 .cmp/ne 3, v000001ba35d10fd0_0, L_000001ba35dd0118;
L_000001ba35d85400 .functor MUXZ 1, L_000001ba35dd01a8, L_000001ba35dd0160, L_000001ba35d85ea0, C4<>;
    .scope S_000001ba35d14770;
T_0 ;
    %pushi/vec4 0, 0, 3;
    %store/vec4 v000001ba35d10fd0_0, 0, 3;
    %end;
    .thread T_0, $init;
    .scope S_000001ba35d14770;
T_1 ;
    %wait E_000001ba35d0be30;
    %load/vec4 v000001ba35d10df0_0;
    %flag_set/vec4 8;
    %jmp/0xz  T_1.0, 8;
    %pushi/vec4 0, 0, 8;
    %assign/vec4 v000001ba35d107b0_0, 0;
    %jmp T_1.1;
T_1.0 ;
    %load/vec4 v000001ba35d10cb0_0;
    %flag_set/vec4 8;
    %jmp/0xz  T_1.2, 8;
    %load/vec4 v000001ba35d10c10_0;
    %assign/vec4 v000001ba35d107b0_0, 0;
    %load/vec4 v000001ba35d10fd0_0;
    %cmpi/e 7, 0, 3;
    %flag_mov 8, 4;
    %jmp/0 T_1.4, 8;
    %pushi/vec4 0, 0, 3;
    %jmp/1 T_1.5, 8;
T_1.4 ; End of true expr.
    %load/vec4 v000001ba35d10fd0_0;
    %addi 1, 0, 3;
    %jmp/0 T_1.5, 8;
 ; End of false expr.
    %blend;
T_1.5;
    %assign/vec4 v000001ba35d10fd0_0, 0;
T_1.2 ;
T_1.1 ;
    %jmp T_1;
    .thread T_1;
    .scope S_000001ba35d11540;
T_2 ;
    %pushi/vec4 0, 0, 1;
    %store/vec4 v000001ba35d86800_0, 0, 1;
    %end;
    .thread T_2, $init;
    .scope S_000001ba35d11540;
T_3 ;
    %pushi/vec4 0, 0, 1;
    %store/vec4 v000001ba35d10210_0, 0, 1;
T_3.0 ;
    %delay 500, 0;
    %load/vec4 v000001ba35d10210_0;
    %inv;
    %store/vec4 v000001ba35d10210_0, 0, 1;
    %jmp T_3.0;
    %end;
    .thread T_3;
    .scope S_000001ba35d11540;
T_4 ;
    %pushi/vec4 1, 1, 1;
    %assign/vec4 v000001ba35d86940_0, 0;
    %pushi/vec4 2, 0, 32;
T_4.0 %dup/vec4;
    %pushi/vec4 0, 0, 32;
    %cmp/s;
    %jmp/1xz T_4.1, 5;
    %jmp/1 T_4.1, 4;
    %pushi/vec4 1, 0, 32;
    %sub;
    %wait E_000001ba35d0be30;
    %jmp T_4.0;
T_4.1 ;
    %pop/vec4 1;
    %pushi/vec4 1, 0, 1;
    %assign/vec4 v000001ba35d86940_0, 0;
    %pushi/vec4 2, 0, 32;
T_4.2 %dup/vec4;
    %pushi/vec4 0, 0, 32;
    %cmp/s;
    %jmp/1xz T_4.3, 5;
    %jmp/1 T_4.3, 4;
    %pushi/vec4 1, 0, 32;
    %sub;
    %wait E_000001ba35d0be30;
    %jmp T_4.2;
T_4.3 ;
    %pop/vec4 1;
    %pushi/vec4 0, 0, 1;
    %assign/vec4 v000001ba35d86940_0, 0;
    %end;
    .thread T_4;
    .scope S_000001ba35d11540;
T_5 ;
    %wait E_000001ba35d0be30;
    %load/vec4 v000001ba35d86940_0;
    %flag_set/vec4 8;
    %jmp/0xz  T_5.0, 8;
    %pushi/vec4 1, 0, 1;
    %assign/vec4 v000001ba35d86800_0, 0;
    %pushi/vec4 0, 0, 7;
    %assign/vec4 v000001ba35d85fe0_0, 0;
    %pushi/vec4 0, 0, 10;
    %assign/vec4 v000001ba35d85180_0, 0;
    %ix/load 4, 0, 0;
    %null;
    %store/obj v000001ba35d85e00_0;
    %jmp T_5.1;
T_5.0 ;
    %load/vec4 v000001ba35d86800_0;
    %flag_set/vec4 8;
    %jmp/0xz  T_5.2, 8;
    %load/vec4 v000001ba35d85220_0;
    %flag_set/vec4 8;
    %jmp/0xz  T_5.4, 8;
    %load/vec4 v000001ba35d85fe0_0;
    %addi 1, 0, 7;
    %assign/vec4 v000001ba35d85fe0_0, 0;
    %fork t_1, S_000001ba35d19200;
    %jmp t_0;
    .scope S_000001ba35d19200;
t_1 ;
    %pushi/vec4 0, 0, 32;
    %store/vec4 v000001ba35d10850_0, 0, 32;
T_5.6 ;
    %load/vec4 v000001ba35d10850_0;
    %cmpi/s 8, 0, 32;
    %jmp/0xz T_5.7, 5;
    %ix/load 4, 0, 0;
    %load/vec4 v000001ba35d86d00_0;
    %load/vec4 v000001ba35d10850_0;
    %part/s 1;
    %store/qb/v v000001ba35d85e00_0, 4, 1;
    ; show_stmt_assign_vector: Get l-value for compressed += operand
    %load/vec4 v000001ba35d10850_0;
    %pushi/vec4 1, 0, 32;
    %add;
    %cast2;
    %store/vec4 v000001ba35d10850_0, 0, 32;
    %jmp T_5.6;
T_5.7 ;
    %end;
    .scope S_000001ba35d11540;
t_0 %join;
T_5.4 ;
    %load/vec4 v000001ba35d85360_0;
    %flag_set/vec4 8;
    %jmp/0xz  T_5.8, 8;
    %load/vec4 v000001ba35d85180_0;
    %addi 1, 0, 10;
    %assign/vec4 v000001ba35d85180_0, 0;
    %qpop/f/v v000001ba35d85e00_0, 1;
    %store/vec4 v000001ba35d852c0_0, 0, 1;
    %load/vec4 v000001ba35d869e0_0;
    %load/vec4 v000001ba35d852c0_0;
    %cmp/ne;
    %jmp/0xz  T_5.10, 6;
    %vpi_call/w 3 91 "$display", "FAIL %s", "testbench.sv" {0 0 0};
    %vpi_func/s 3 94 "$sformatf", "serial_data:%b", v000001ba35d869e0_0 {0 0 0};
    %vpi_func/s 3 94 "$sformatf", "serial_data_expected:%b", v000001ba35d852c0_0 {0 0 0};
    %vpi_call/w 3 93 "$display", "++ TEST     => {%s, %s}", S<1,str>, S<0,str> {0 0 2};
    %vpi_call/w 3 96 "$finish", 32'sb00000000000000000000000000000001 {0 0 0};
T_5.10 ;
T_5.8 ;
T_5.2 ;
T_5.1 ;
    %jmp T_5;
    .thread T_5;
    .scope S_000001ba35d11540;
T_6 ;
    %vpi_call/w 3 116 "$dumpvars" {0 0 0};
    %pushi/vec4 0, 0, 1;
    %assign/vec4 v000001ba35d85220_0, 0;
    %pushi/vec4 255, 255, 8;
    %assign/vec4 v000001ba35d86d00_0, 0;
    %pushi/vec4 0, 0, 8;
    %store/vec4 v000001ba35d10670_0, 0, 8;
    %wait E_000001ba35d0b830;
T_6.0 ;
    %load/vec4 v000001ba35d103f0_0;
    %cmpi/ne 100, 0, 32;
    %jmp/0xz T_6.1, 4;
    %load/vec4 v000001ba35d103f0_0;
    %cmpi/s 10, 0, 32;
    %flag_or 5, 4;
    %jmp/0xz  T_6.2, 5;
    %pushi/vec4 1, 0, 1;
    %store/vec4 v000001ba35d10490_0, 0, 1;
    %pushi/vec4 255, 0, 8;
    %load/vec4 v000001ba35d10670_0;
    %sub;
    %store/vec4 v000001ba35d10670_0, 0, 8;
    %jmp T_6.3;
T_6.2 ;
    %vpi_func 3 135 "$urandom" 32 {0 0 0};
    %pad/u 1;
    %store/vec4 v000001ba35d10490_0, 0, 1;
    %vpi_func 3 136 "$urandom" 32 {0 0 0};
    %pad/u 8;
    %store/vec4 v000001ba35d10670_0, 0, 8;
T_6.3 ;
    ; show_stmt_assign_vector: Get l-value for compressed += operand
    %load/vec4 v000001ba35d103f0_0;
    %load/vec4 v000001ba35d10490_0;
    %pad/u 32;
    %cast2;
    %add;
    %cast2;
    %store/vec4 v000001ba35d103f0_0, 0, 32;
    %load/vec4 v000001ba35d10490_0;
    %assign/vec4 v000001ba35d85220_0, 0;
    %load/vec4 v000001ba35d10490_0;
    %flag_set/vec4 8;
    %jmp/0 T_6.4, 8;
    %load/vec4 v000001ba35d10670_0;
    %jmp/1 T_6.5, 8;
T_6.4 ; End of true expr.
    %pushi/vec4 255, 255, 8;
    %jmp/0 T_6.5, 8;
 ; End of false expr.
    %blend;
T_6.5;
    %assign/vec4 v000001ba35d86d00_0, 0;
    %wait E_000001ba35d0be30;
    %pushi/vec4 0, 0, 1;
    %assign/vec4 v000001ba35d85220_0, 0;
    %delay 10, 0;
T_6.6 ;
    %load/vec4 v000001ba35d10f30_0;
    %cmpi/e 1, 0, 1;
    %jmp/0xz T_6.7, 6;
    %wait E_000001ba35d0be30;
    %delay 10, 0;
    %jmp T_6.6;
T_6.7 ;
    %jmp T_6.0;
T_6.1 ;
    %pushi/vec4 0, 0, 1;
    %assign/vec4 v000001ba35d85220_0, 0;
    %wait E_000001ba35d0be30;
    %wait E_000001ba35d0be30;
    %load/vec4 v000001ba35d85fe0_0;
    %pad/u 32;
    %muli 8, 0, 32;
    %pad/u 10;
    %load/vec4 v000001ba35d85180_0;
    %cmp/ne;
    %jmp/0xz  T_6.8, 6;
    %vpi_call/w 3 167 "$display", "FAIL %s", "testbench.sv" {0 0 0};
    %load/vec4 v000001ba35d85fe0_0;
    %pad/u 32;
    %muli 8, 0, 32;
    %vpi_func/s 3 169 "$sformatf", "in_vld_cnt * width:%0d", S<0,vec4,u32> {1 0 0};
    %vpi_func/s 3 169 "$sformatf", "out_vld_cnt:%0d", v000001ba35d85180_0 {0 0 0};
    %vpi_call/w 3 169 "$display", "++ TEST     => {%s != %s}", S<1,str>, S<0,str> {0 0 2};
    %vpi_call/w 3 170 "$display", "++ EXPECTED => out_vld_cnt * width == in_vld_cnt" {0 0 0};
    %vpi_call/w 3 172 "$finish", 32'sb00000000000000000000000000000001 {0 0 0};
T_6.8 ;
    %vpi_call/w 3 175 "$display", "PASS %s", "testbench.sv" {0 0 0};
    %vpi_call/w 3 176 "$finish" {0 0 0};
    %end;
    .thread T_6;
    .scope S_000001ba35d11540;
T_7 ;
    %pushi/vec4 100000, 0, 32;
T_7.0 %dup/vec4;
    %pushi/vec4 0, 0, 32;
    %cmp/s;
    %jmp/1xz T_7.1, 5;
    %jmp/1 T_7.1, 4;
    %pushi/vec4 1, 0, 32;
    %sub;
    %wait E_000001ba35d0be30;
    %jmp T_7.0;
T_7.1 ;
    %pop/vec4 1;
    %vpi_call/w 3 185 "$display", "FAIL %s: timeout reached!", "testbench.sv" {0 0 0};
    %vpi_call/w 3 186 "$finish" {0 0 0};
    %end;
    .thread T_7;
# The file index is used to find the file name in the following table.
:file_names 5;
    "N/A";
    "<interactive>";
    "-";
    "testbench.sv";
    "02_08_parallel_to_serial.sv";
